<?xml version="1.0" encoding="UTF-8"?>
<testsuite xmlns:xsi="http://www.w3.org/2001/XMLSchema-instance" xsi:noNamespaceSchemaLocation="https://maven.apache.org/surefire/maven-surefire-plugin/xsd/surefire-test-report.xsd" version="3.0.2" name="it.uni.reti2.ExampleTest" time="0.654" tests="1" errors="0" skipped="0" failures="0" flakes="0">
  <properties>
[...]
</properties>
  <testcase name="invioDiUnAllertAdUnTreno" classname="it.uni.reti2.ExampleTest" time="0.022">
    <system-out><![CDATA[2026-08-04 21:06:15,672 INFO  [io.quarkus.scheduler.runtime.SimpleScheduler] (main) No scheduled business methods found - Simple scheduler will not be started
2026-08-04 21:06:15,691 INFO  [io.smallrye.reactive.messaging.mqtt] (main) Create MQTT Client for null@localhost:1883<>-[]
2026-08-04 21:06:15,759 INFO  [io.vertx.mqtt.impl.MqttClientImpl] (vert.x-eventloop-thread-0) Connection with localhost:1883 established successfully
2026-08-04 21:06:15,819 INFO  [io.smallrye.reactive.messaging.mqtt] (vert.x-eventloop-thread-0) Subscription success on topic railway/alerts, Max QoS 0.
2026-08-04 21:06:15,819 INFO  [io.smallrye.reactive.messaging.mqtt] (vert.x-eventloop-thread-0) Subscription success on topic railway/train/+/validation-response, Max QoS 0.
2026-08-04 21:06:15,931 INFO  [it.uni.reti2.TrainJourneyEngine] (main) 🧭 [TWIN] Motore di viaggio avviato (sosta=20s, fattore=10x, autostart=true)
2026-08-04 21:06:15,950 INFO  [io.quarkus] (main) treno 1.0.0-SNAPSHOT on JVM (powered by Quarkus 3.37.3) started in 2.506s. Listening on: http://localhost:39637
2026-08-04 21:06:15,950 INFO  [io.quarkus] (main) Profile test activated. 
2026-08-04 21:06:15,950 INFO  [io.quarkus] (main) Installed features: [cdi, compose, messaging, messaging-mqtt, rest, rest-jackson, scheduler, smallrye-context-propagation, vertx]
]]></system-out>
  </testcase>
</testsuite>